<?xml version="1.0" encoding="UTF-8"?>
<!-- Generated by org.testng.reporters.JUnitXMLReporter -->
<testsuite hostname="LAPTOP-L1UTGG0I" failures="4" tests="4" name="Test" time="28.146" errors="0" timestamp="16 Oct 2023 12:08:52 GMT">
  <testcase classname="Test.SwagLab" name="LoginTest" time="0.05">
    <failure type="java.lang.IllegalArgumentException" message="argument type mismatch">
      <![CDATA[java.lang.IllegalArgumentException: argument type mismatch
... Removed 24 stack frames]]>
    </failure>
  </testcase> <!-- LoginTest -->
  <testcase classname="Test.SwagLab" name="LoginTest" time="0.002">
    <failure type="java.lang.IllegalArgumentException" message="argument type mismatch">
      <![CDATA[java.lang.IllegalArgumentException: argument type mismatch
... Removed 24 stack frames]]>
    </failure>
  </testcase> <!-- LoginTest -->
  <testcase classname="Test.SwagLab" name="LoginTest" time="0.002">
    <failure type="java.lang.IllegalArgumentException" message="argument type mismatch">
      <![CDATA[java.lang.IllegalArgumentException: argument type mismatch
... Removed 24 stack frames]]>
    </failure>
  </testcase> <!-- LoginTest -->
  <testcase classname="Test.SwagLab" name="LoginTest" time="0.002">
    <failure type="java.lang.IllegalArgumentException" message="argument type mismatch">
      <![CDATA[java.lang.IllegalArgumentException: argument type mismatch
... Removed 24 stack frames]]>
    </failure>
  </testcase> <!-- LoginTest -->
</testsuite> <!-- Test -->
