<?xml version="1.0" encoding="UTF-8"?>
<testng-results total="1" passed="1" failed="0" skipped="0">
  <reporter-output>
  </reporter-output>
  <suite started-at="2023-10-17T07:34:48Z" name="Default suite" finished-at="2023-10-17T07:34:59Z" duration-ms="10163">
    <groups>
    </groups>
    <test started-at="2023-10-17T07:34:48Z" name="Default test" finished-at="2023-10-17T07:34:59Z" duration-ms="10163">
      <class name="Test.SwagLab">
        <test-method is-config="true" signature="setup()[pri:0, instance:Test.SwagLab@727eb8cb]" started-at="2023-10-17T13:04:48Z" name="setup" finished-at="2023-10-17T13:04:56Z" duration-ms="7692" status="PASS">
          <reporter-output>
          </reporter-output>
        </test-method> <!-- setup -->
        <test-method signature="LoginTest()[pri:0, instance:Test.SwagLab@727eb8cb]" started-at="2023-10-17T13:04:56Z" name="LoginTest" finished-at="2023-10-17T13:04:59Z" duration-ms="2438" status="PASS">
          <reporter-output>
          </reporter-output>
        </test-method> <!-- LoginTest -->
      </class> <!-- Test.SwagLab -->
    </test> <!-- Default test -->
  </suite> <!-- Default suite -->
</testng-results>
